0 info it worked if it ends with ok
1 verbose cli [ '/usr/bin/nodejs',
1 verbose cli   '/usr/bin/npm',
1 verbose cli   'install',
1 verbose cli   'style-loader,',
1 verbose cli   'file-loader,',
1 verbose cli   'url-loader',
1 verbose cli   '--save-dev' ]
2 info using npm@3.8.6
3 info using node@v5.12.0
4 silly loadCurrentTree Starting
5 silly install loadCurrentTree
6 silly install readLocalPackageData
7 silly fetchPackageMetaData style-loader,
8 silly fetchPackageMetaData file-loader,
9 silly fetchPackageMetaData url-loader@^0.5.8
10 silly fetchNamedPackageData url-loader
11 silly mapToRegistry name url-loader
12 silly mapToRegistry using default registry
13 silly mapToRegistry registry https://registry.npmjs.org/
14 silly mapToRegistry data Result {
14 silly mapToRegistry   raw: 'url-loader',
14 silly mapToRegistry   scope: null,
14 silly mapToRegistry   name: 'url-loader',
14 silly mapToRegistry   rawSpec: '',
14 silly mapToRegistry   spec: 'latest',
14 silly mapToRegistry   type: 'tag' }
15 silly mapToRegistry uri https://registry.npmjs.org/url-loader
16 silly fetchOtherPackageData style-loader,
17 silly cache add args [ 'style-loader,', null ]
18 verbose cache add spec style-loader,
19 silly fetchOtherPackageData file-loader,
20 silly cache add args [ 'file-loader,', null ]
21 verbose cache add spec file-loader,
22 silly cache add parsed spec Result {
22 silly cache add   raw: 'style-loader,',
22 silly cache add   scope: null,
22 silly cache add   name: null,
22 silly cache add   rawSpec: 'style-loader,',
22 silly cache add   spec: '/home/fnazar/workspace/sol/IMS/style-loader,',
22 silly cache add   type: 'local' }
23 silly cache add parsed spec Result {
23 silly cache add   raw: 'file-loader,',
23 silly cache add   scope: null,
23 silly cache add   name: null,
23 silly cache add   rawSpec: 'file-loader,',
23 silly cache add   spec: '/home/fnazar/workspace/sol/IMS/file-loader,',
23 silly cache add   type: 'local' }
24 error addLocal Could not install /home/fnazar/workspace/sol/IMS/style-loader,
25 silly fetchPackageMetaData Error: ENOENT: no such file or directory, open '/home/fnazar/workspace/sol/IMS/style-loader,'
25 silly fetchPackageMetaData     at Error (native)
25 silly fetchPackageMetaData  error for style-loader, { [Error: ENOENT: no such file or directory, open '/home/fnazar/workspace/sol/IMS/style-loader,']
25 silly fetchPackageMetaData   errno: -2,
25 silly fetchPackageMetaData   code: 'ENOENT',
25 silly fetchPackageMetaData   syscall: 'open',
25 silly fetchPackageMetaData   path: '/home/fnazar/workspace/sol/IMS/style-loader,' }
26 error addLocal Could not install /home/fnazar/workspace/sol/IMS/file-loader,
27 silly fetchPackageMetaData Error: ENOENT: no such file or directory, open '/home/fnazar/workspace/sol/IMS/file-loader,'
27 silly fetchPackageMetaData     at Error (native)
27 silly fetchPackageMetaData  error for file-loader, { [Error: ENOENT: no such file or directory, open '/home/fnazar/workspace/sol/IMS/file-loader,']
27 silly fetchPackageMetaData   errno: -2,
27 silly fetchPackageMetaData   code: 'ENOENT',
27 silly fetchPackageMetaData   syscall: 'open',
27 silly fetchPackageMetaData   path: '/home/fnazar/workspace/sol/IMS/file-loader,' }
28 verbose request uri https://registry.npmjs.org/url-loader
29 verbose request no auth needed
30 info attempt registry request try #1 at 2:07:01 PM
31 verbose request id 384ed5c82dc776e0
32 verbose etag W/"58d8dc57-3d6b"
33 verbose lastModified Mon, 27 Mar 2017 09:33:11 GMT
34 http request GET https://registry.npmjs.org/url-loader
35 http 304 https://registry.npmjs.org/url-loader
36 verbose headers { date: 'Tue, 28 Mar 2017 12:07:02 GMT',
36 verbose headers   via: '1.1 varnish',
36 verbose headers   'cache-control': 'max-age=300',
36 verbose headers   etag: 'W/"58d8dc57-3d6b"',
36 verbose headers   age: '190',
36 verbose headers   connection: 'keep-alive',
36 verbose headers   'x-served-by': 'cache-ams4128-AMS',
36 verbose headers   'x-cache': 'HIT',
36 verbose headers   'x-cache-hits': '2',
36 verbose headers   'x-timer': 'S1490702822.213916,VS0,VE0',
36 verbose headers   vary: 'Accept-Encoding' }
37 silly get cb [ 304,
37 silly get   { date: 'Tue, 28 Mar 2017 12:07:02 GMT',
37 silly get     via: '1.1 varnish',
37 silly get     'cache-control': 'max-age=300',
37 silly get     etag: 'W/"58d8dc57-3d6b"',
37 silly get     age: '190',
37 silly get     connection: 'keep-alive',
37 silly get     'x-served-by': 'cache-ams4128-AMS',
37 silly get     'x-cache': 'HIT',
37 silly get     'x-cache-hits': '2',
37 silly get     'x-timer': 'S1490702822.213916,VS0,VE0',
37 silly get     vary: 'Accept-Encoding' } ]
38 verbose etag https://registry.npmjs.org/url-loader from cache
39 verbose get saving url-loader to /home/fnazar/.npm/registry.npmjs.org/url-loader/.cache.json
40 verbose correctMkdir /home/fnazar/.npm correctMkdir not in flight; initializing
41 silly rollbackFailedOptional Starting
42 silly rollbackFailedOptional Finishing
43 silly runTopLevelLifecycles Starting
44 silly runTopLevelLifecycles Finishing
45 silly install printInstalled
46 verbose stack Error: ENOENT: no such file or directory, open '/home/fnazar/workspace/sol/IMS/style-loader,'
46 verbose stack     at Error (native)
47 verbose cwd /home/fnazar/workspace/sol/IMS
48 error Linux 4.8.0-41-generic
49 error argv "/usr/bin/nodejs" "/usr/bin/npm" "install" "style-loader," "file-loader," "url-loader" "--save-dev"
50 error node v5.12.0
51 error npm  v3.8.6
52 error path /home/fnazar/workspace/sol/IMS/style-loader,
53 error code ENOENT
54 error errno -2
55 error syscall open
56 error enoent ENOENT: no such file or directory, open '/home/fnazar/workspace/sol/IMS/style-loader,'
57 error enoent ENOENT: no such file or directory, open '/home/fnazar/workspace/sol/IMS/style-loader,'
57 error enoent This is most likely not a problem with npm itself
57 error enoent and is related to npm not being able to find a file.
58 verbose exit [ -2, true ]
